<?xml version="1.0" encoding="utf-8"?><testsuites name="pytest tests"><testsuite name="pytest" errors="0" failures="0" skipped="0" tests="13" time="16.457" timestamp="2026-05-24T13:42:29.289922+00:00" hostname="agent-env-1c18e7ed-a3ea-4cd4-ab4f-9a775987119e"><testcase classname="backend.tests.test_competition_live.TestLiveCompetitionFlow" name="test_start_fails_when_not_published" time="0.697" /><testcase classname="backend.tests.test_competition_live.TestLiveCompetitionFlow" name="test_start_fails_when_no_questions" time="0.197" /><testcase classname="backend.tests.test_competition_live.TestLiveCompetitionFlow" name="test_student_cannot_start_live" time="0.646" /><testcase classname="backend.tests.test_competition_live.TestLiveCompetitionFlow" name="test_full_happy_flow" time="0.882" /><testcase classname="backend.tests.test_competition_live.TestLiveCompetitionFlow" name="test_student_leave_waiting_room" time="0.472" /><testcase classname="backend.tests.test_competition_live_phase3.TestPhase3LiveQuestionAnswering" name="test_begin_loads_q1_and_total_questions" time="1.412" /><testcase classname="backend.tests.test_competition_live_phase3.TestPhase3LiveQuestionAnswering" name="test_get_sanitizes_question_for_student_and_returns_my_answer" time="0.567" /><testcase classname="backend.tests.test_competition_live_phase3.TestPhase3LiveQuestionAnswering" name="test_answer_idempotent" time="0.570" /><testcase classname="backend.tests.test_competition_live_phase3.TestPhase3LiveQuestionAnswering" name="test_answer_validation_wrong_qid_and_out_of_range" time="0.573" /><testcase classname="backend.tests.test_competition_live_phase3.TestPhase3LiveQuestionAnswering" name="test_teacher_cannot_answer" time="0.503" /><testcase classname="backend.tests.test_competition_live_phase3.TestPhase3LiveQuestionAnswering" name="test_next_requires_host_and_advances" time="0.665" /><testcase classname="backend.tests.test_competition_live_phase3.TestPhase3LiveQuestionAnswering" name="test_complete_blocks_further_actions" time="0.687" /><testcase classname="backend.tests.test_competition_live_phase3.TestPhase3LiveQuestionAnswering" name="test_answer_time_window_grace" time="8.526" /></testsuite></testsuites>