<?xml version="1.0" encoding="utf-8"?><testsuites name="pytest tests"><testsuite name="pytest" errors="0" failures="0" skipped="0" tests="5" time="3.165" timestamp="2026-05-24T12:42:23.924017+00:00" hostname="agent-env-1c18e7ed-a3ea-4cd4-ab4f-9a775987119e"><testcase classname="backend.tests.test_competition_live.TestLiveCompetitionFlow" name="test_start_fails_when_not_published" time="0.927" /><testcase classname="backend.tests.test_competition_live.TestLiveCompetitionFlow" name="test_start_fails_when_no_questions" time="0.200" /><testcase classname="backend.tests.test_competition_live.TestLiveCompetitionFlow" name="test_student_cannot_start_live" time="0.657" /><testcase classname="backend.tests.test_competition_live.TestLiveCompetitionFlow" name="test_full_happy_flow" time="0.862" /><testcase classname="backend.tests.test_competition_live.TestLiveCompetitionFlow" name="test_student_leave_waiting_room" time="0.444" /></testsuite></testsuites>