<?xml version="1.0" encoding="utf-8"?><testsuites name="pytest tests"><testsuite name="pytest" errors="0" failures="0" skipped="0" tests="32" time="10.410" timestamp="2026-05-29T15:48:22.111217+00:00" hostname="agent-env-1c18e7ed-a3ea-4cd4-ab4f-9a775987119e"><testcase classname="backend.tests.test_peer_cancel_and_weekly_suggest.TestCancelSlot" name="test_creator_can_cancel_unbooked_slot" time="1.485" /><testcase classname="backend.tests.test_peer_cancel_and_weekly_suggest.TestCancelSlot" name="test_non_creator_cannot_cancel" time="0.385" /><testcase classname="backend.tests.test_peer_cancel_and_weekly_suggest.TestCancelSlot" name="test_nonexistent_slot_returns_404" time="0.136" /><testcase classname="backend.tests.test_peer_cancel_and_weekly_suggest.TestCancelSlot" name="test_booked_slot_returns_400" time="0.794" /><testcase classname="backend.tests.test_peer_cancel_and_weekly_suggest.TestCancelSession" name="test_creator_can_cancel_future_session" time="0.614" /><testcase classname="backend.tests.test_peer_cancel_and_weekly_suggest.TestCancelSession" name="test_booker_can_cancel_future_session" time="0.373" /><testcase classname="backend.tests.test_peer_cancel_and_weekly_suggest.TestCancelSession" name="test_nonexistent_session_returns_404" time="0.117" /><testcase classname="backend.tests.test_peer_cancel_and_weekly_suggest.TestCancelSession" name="test_third_party_returns_403" time="0.512" /><testcase classname="backend.tests.test_peer_cancel_and_weekly_suggest.TestCancelSession" name="test_past_session_returns_400" time="0.462" /><testcase classname="backend.tests.test_peer_cancel_and_weekly_suggest.TestSuggestWeeklyPlan" name="test_suggest_for_student_a_full_shape" time="0.137" /><testcase classname="backend.tests.test_peer_cancel_and_weekly_suggest.TestSuggestWeeklyPlan" name="test_suggest_for_student_b" time="0.150" /><testcase classname="backend.tests.test_peer_cancel_and_weekly_suggest.TestSuggestWeeklyPlan" name="test_suggest_missing_student_400" time="0.107" /><testcase classname="backend.tests.test_peer_cancel_and_weekly_suggest.TestSuggestWeeklyPlan" name="test_suggest_unknown_student_404" time="0.135" /><testcase classname="backend.tests.test_peer_cancel_and_weekly_suggest.TestSuggestWeeklyPlan" name="test_suggest_requires_teacher" time="0.476" /><testcase classname="backend.tests.test_peer_cancel_and_weekly_suggest.TestPageAnchors" name="test_anchors_exact" time="0.001" /><testcase classname="backend.tests.test_peer_review_phase2.TestPeerPartnership" name="test_partnership_me" time="1.317" /><testcase classname="backend.tests.test_peer_review_phase2.TestPeerSlotsAndSessions" name="test_create_slot" time="0.113" /><testcase classname="backend.tests.test_peer_review_phase2.TestPeerSlotsAndSessions" name="test_list_slots" time="0.109" /><testcase classname="backend.tests.test_peer_review_phase2.TestPeerSlotsAndSessions" name="test_book_slot_by_b" time="0.108" /><testcase classname="backend.tests.test_peer_review_phase2.TestPeerSlotsAndSessions" name="test_session_listed" time="0.108" /><testcase classname="backend.tests.test_peer_review_phase2.TestAttendanceAndEvaluation" name="test_create_past_session_via_api_then_backdate" time="0.269" /><testcase classname="backend.tests.test_peer_review_phase2.TestAttendanceAndEvaluation" name="test_attendance_confirm_a" time="0.139" /><testcase classname="backend.tests.test_peer_review_phase2.TestAttendanceAndEvaluation" name="test_attendance_confirm_b" time="0.126" /><testcase classname="backend.tests.test_peer_review_phase2.TestAttendanceAndEvaluation" name="test_evaluate_a_to_b" time="0.132" /><testcase classname="backend.tests.test_peer_review_phase2.TestAttendanceAndEvaluation" name="test_evaluate_a_idempotent" time="0.120" /><testcase classname="backend.tests.test_peer_review_phase2.TestAttendanceAndEvaluation" name="test_evaluate_b_to_a" time="0.118" /><testcase classname="backend.tests.test_peer_review_phase2.TestAttendanceAndEvaluation" name="test_list_evaluations" time="0.531" /><testcase classname="backend.tests.test_peer_review_phase2.TestWeeklyPlans" name="test_create_plan_as_teacher" time="0.200" /><testcase classname="backend.tests.test_peer_review_phase2.TestWeeklyPlans" name="test_teacher_list_plans_for_student" time="0.527" /><testcase classname="backend.tests.test_peer_review_phase2.TestWeeklyPlans" name="test_student_list_own_plans" time="0.116" /><testcase classname="backend.tests.test_peer_review_phase2.TestWeeklyPlans" name="test_teacher_peer_overview" time="0.121" /><testcase classname="backend.tests.test_peer_review_phase2.TestWeeklyPlans" name="test_delete_plan" time="0.310" /></testsuite></testsuites>