<?xml version="1.0" encoding="utf-8"?><testsuites name="pytest tests"><testsuite name="pytest" errors="0" failures="1" skipped="0" tests="9" time="1.766" timestamp="2026-05-29T18:09:20.648570+00:00" hostname="agent-env-1c18e7ed-a3ea-4cd4-ab4f-9a775987119e"><testcase classname="tests.test_iter32_review_precision.TestSafwanReviewPrecision" name="test_safwan_review_uses_real_nisaa_range" time="0.647" /><testcase classname="tests.test_iter32_review_precision.TestSafwanReviewPrecision" name="test_safwan_review_pool_summary_excludes_frontier" time="0.126" /><testcase classname="tests.test_iter32_review_precision.TestSeededReviewRotation" name="test_reviews_rotate_by_recency" time="0.140" /><testcase classname="tests.test_iter32_review_precision.TestSeededReviewRotation" name="test_no_review_day_is_empty_when_records_exist" time="0.134" /><testcase classname="tests.test_iter32_review_precision.TestFreshStudentReviewIsEmpty" name="test_fresh_review_has_no_default_surah" time="0.121"><failure message="AssertionError: Fresh student review must have empty surah, got {'day': 'الثلاثاء', 'kind': 'review', 'surah': 'الفاتحة', 'from_ayah': 1, 'to_ayah': 1, 'from_page': 1, 'to_page': 1, 'page_range': 'ص 1', 'memorize_target': '', 'review_target': 'مراجعة سورة الفاتحة من الآية 1 إلى 1 (ص 1)', 'notes': ''}&#10;assert 'الفاتحة' in ('', None)">tests/test_iter32_review_precision.py:288: in test_fresh_review_has_no_default_surah
    assert d["surah"] in ("", None), f"Fresh student review must have empty surah, got {d}"
E   AssertionError: Fresh student review must have empty surah, got {'day': 'الثلاثاء', 'kind': 'review', 'surah': 'الفاتحة', 'from_ayah': 1, 'to_ayah': 1, 'from_page': 1, 'to_page': 1, 'page_range': 'ص 1', 'memorize_target': '', 'review_target': 'مراجعة سورة الفاتحة من الآية 1 إلى 1 (ص 1)', 'notes': ''}
E   assert 'الفاتحة' in ('', None)</failure></testcase><testcase classname="tests.test_iter32_review_precision.TestOnlyFrontierFallback" name="test_review_falls_back_to_frontier_range" time="0.131" /><testcase classname="tests.test_iter32_review_precision.TestMemorizeDayRegression" name="test_seeded_memorize_day_advances_to_shuara" time="0.145" /><testcase classname="tests.test_iter32_review_precision.TestMemorizeDayRegression" name="test_test_day_populated" time="0.160" /><testcase classname="tests.test_iter32_review_precision.TestPageMappingRegression" name="test_anchor_pages" time="0.003" /></testsuite></testsuites>