<?xml version="1.0" encoding="utf-8"?><testsuites name="pytest tests"><testsuite name="pytest" errors="0" failures="0" skipped="0" tests="14" time="6.783" timestamp="2026-05-29T15:48:09.292763+00:00" hostname="agent-env-1c18e7ed-a3ea-4cd4-ab4f-9a775987119e"><testcase classname="backend.tests.test_iter29_fixes.TestCommitmentInputs" name="test_set_commitment_3_and_5" time="1.300" /><testcase classname="backend.tests.test_iter29_fixes.TestCommitmentInputs" name="test_set_commitment_large_values" time="0.230" /><testcase classname="backend.tests.test_iter29_fixes.TestCommitmentInputs" name="test_zero_rejected" time="0.112" /><testcase classname="backend.tests.test_iter29_fixes.TestCommitmentInputs" name="test_restore_baseline" time="0.142" /><testcase classname="backend.tests.test_iter29_fixes.TestDirectionOverride" name="test_from_end_starts_high_surah_number" time="3.252" /><testcase classname="backend.tests.test_iter29_fixes.TestDirectionOverride" name="test_from_start_starts_low_surah_number" time="0.133" /><testcase classname="backend.tests.test_iter29_fixes.TestDirectionOverride" name="test_no_direction_falls_back_to_auto" time="0.117" /><testcase classname="backend.tests.test_iter29_fixes.TestCommitmentHolidays" name="test_non_admin_forbidden_list" time="0.130" /><testcase classname="backend.tests.test_iter29_fixes.TestCommitmentHolidays" name="test_non_admin_forbidden_post" time="0.119" /><testcase classname="backend.tests.test_iter29_fixes.TestCommitmentHolidays" name="test_admin_crud_flow" time="0.602" /><testcase classname="backend.tests.test_iter29_fixes.TestDeleteWarning" name="test_non_admin_forbidden" time="0.112" /><testcase classname="backend.tests.test_iter29_fixes.TestDeleteWarning" name="test_not_found" time="0.124" /><testcase classname="backend.tests.test_iter29_fixes.TestDeleteWarning" name="test_delete_warning_and_auto_unfreeze" time="0.157" /><testcase classname="backend.tests.test_iter29_fixes.TestRegressionIter28" name="test_suggest_page_range_present" time="0.120" /></testsuite></testsuites>