<?xml version="1.0" encoding="utf-8"?><testsuites name="pytest tests"><testsuite name="pytest" errors="0" failures="0" skipped="0" tests="54" time="13.119" timestamp="2026-05-29T18:09:45.433772+00:00" hostname="agent-env-1c18e7ed-a3ea-4cd4-ab4f-9a775987119e"><testcase classname="tests.test_iter29_fixes.TestCommitmentInputs" name="test_set_commitment_3_and_5" time="0.632" /><testcase classname="tests.test_iter29_fixes.TestCommitmentInputs" name="test_set_commitment_large_values" time="0.243" /><testcase classname="tests.test_iter29_fixes.TestCommitmentInputs" name="test_zero_rejected" time="0.131" /><testcase classname="tests.test_iter29_fixes.TestCommitmentInputs" name="test_restore_baseline" time="0.112" /><testcase classname="tests.test_iter29_fixes.TestDirectionOverride" name="test_from_end_continues_from_lowest_frontier" time="0.491" /><testcase classname="tests.test_iter29_fixes.TestDirectionOverride" name="test_from_start_continues_from_highest_frontier" time="0.119" /><testcase classname="tests.test_iter29_fixes.TestDirectionOverride" name="test_no_direction_falls_back_to_auto" time="0.113" /><testcase classname="tests.test_iter29_fixes.TestCommitmentHolidays" name="test_non_admin_forbidden_list" time="0.115" /><testcase classname="tests.test_iter29_fixes.TestCommitmentHolidays" name="test_non_admin_forbidden_post" time="0.115" /><testcase classname="tests.test_iter29_fixes.TestCommitmentHolidays" name="test_admin_crud_flow" time="0.629" /><testcase classname="tests.test_iter29_fixes.TestDeleteWarning" name="test_non_admin_forbidden" time="0.124" /><testcase classname="tests.test_iter29_fixes.TestDeleteWarning" name="test_not_found" time="0.114" /><testcase classname="tests.test_iter29_fixes.TestDeleteWarning" name="test_delete_warning_and_auto_unfreeze" time="0.117" /><testcase classname="tests.test_iter29_fixes.TestRegressionIter28" name="test_suggest_page_range_present" time="0.119" /><testcase classname="tests.test_iter31_direction_override.TestSeededFullFromStart" name="test_from_start_advances_to_shuara" time="0.479" /><testcase classname="tests.test_iter31_direction_override.TestSeededFullFromEnd" name="test_from_end_does_not_crash_and_returns_plan" time="0.118" /><testcase classname="tests.test_iter31_direction_override.TestSafwanFromStart" name="test_continues_forward_not_reset" time="0.150" /><testcase classname="tests.test_iter31_direction_override.TestSafwanFromEnd" name="test_continues_from_lowest_surah_next_ayah" time="0.125" /><testcase classname="tests.test_iter31_direction_override.TestFreshStudentDefaults" name="test_fresh_from_start_starts_at_fatihah" time="0.146" /><testcase classname="tests.test_iter31_direction_override.TestFreshStudentDefaults" name="test_fresh_from_end_starts_at_naas" time="0.133" /><testcase classname="tests.test_iter31_direction_override.TestNoOverrideAutoDirection" name="test_safwan_no_override_returns_plan" time="0.133" /><testcase classname="tests.test_iter31_direction_override.TestPageMapping" name="test_anchor_pages" time="0.002" /><testcase classname="tests.test_peer_review_phase2.TestPeerPartnership" name="test_partnership_me" time="1.294" /><testcase classname="tests.test_peer_review_phase2.TestPeerSlotsAndSessions" name="test_create_slot" time="0.114" /><testcase classname="tests.test_peer_review_phase2.TestPeerSlotsAndSessions" name="test_list_slots" time="0.128" /><testcase classname="tests.test_peer_review_phase2.TestPeerSlotsAndSessions" name="test_book_slot_by_b" time="0.118" /><testcase classname="tests.test_peer_review_phase2.TestPeerSlotsAndSessions" name="test_session_listed" time="0.122" /><testcase classname="tests.test_peer_review_phase2.TestAttendanceAndEvaluation" name="test_create_past_session_via_api_then_backdate" time="0.281" /><testcase classname="tests.test_peer_review_phase2.TestAttendanceAndEvaluation" name="test_attendance_confirm_a" time="0.131" /><testcase classname="tests.test_peer_review_phase2.TestAttendanceAndEvaluation" name="test_attendance_confirm_b" time="0.126" /><testcase classname="tests.test_peer_review_phase2.TestAttendanceAndEvaluation" name="test_evaluate_a_to_b" time="0.143" /><testcase classname="tests.test_peer_review_phase2.TestAttendanceAndEvaluation" name="test_evaluate_a_idempotent" time="0.121" /><testcase classname="tests.test_peer_review_phase2.TestAttendanceAndEvaluation" name="test_evaluate_b_to_a" time="0.131" /><testcase classname="tests.test_peer_review_phase2.TestAttendanceAndEvaluation" name="test_list_evaluations" time="0.120" /><testcase classname="tests.test_peer_review_phase2.TestWeeklyPlans" name="test_create_plan_as_teacher" time="0.123" /><testcase classname="tests.test_peer_review_phase2.TestWeeklyPlans" name="test_teacher_list_plans_for_student" time="0.132" /><testcase classname="tests.test_peer_review_phase2.TestWeeklyPlans" name="test_student_list_own_plans" time="0.109" /><testcase classname="tests.test_peer_review_phase2.TestWeeklyPlans" name="test_teacher_peer_overview" time="0.122" /><testcase classname="tests.test_peer_review_phase2.TestWeeklyPlans" name="test_delete_plan" time="0.234" /><testcase classname="tests.test_peer_cancel_and_weekly_suggest.TestCancelSlot" name="test_creator_can_cancel_unbooked_slot" time="1.389" /><testcase classname="tests.test_peer_cancel_and_weekly_suggest.TestCancelSlot" name="test_non_creator_cannot_cancel" time="0.348" /><testcase classname="tests.test_peer_cancel_and_weekly_suggest.TestCancelSlot" name="test_nonexistent_slot_returns_404" time="0.111" /><testcase classname="tests.test_peer_cancel_and_weekly_suggest.TestCancelSlot" name="test_booked_slot_returns_400" time="0.532" /><testcase classname="tests.test_peer_cancel_and_weekly_suggest.TestCancelSession" name="test_creator_can_cancel_future_session" time="0.612" /><testcase classname="tests.test_peer_cancel_and_weekly_suggest.TestCancelSession" name="test_booker_can_cancel_future_session" time="0.344" /><testcase classname="tests.test_peer_cancel_and_weekly_suggest.TestCancelSession" name="test_nonexistent_session_returns_404" time="0.130" /><testcase classname="tests.test_peer_cancel_and_weekly_suggest.TestCancelSession" name="test_third_party_returns_403" time="0.486" /><testcase classname="tests.test_peer_cancel_and_weekly_suggest.TestCancelSession" name="test_past_session_returns_400" time="0.379" /><testcase classname="tests.test_peer_cancel_and_weekly_suggest.TestSuggestWeeklyPlan" name="test_suggest_for_student_a_full_shape" time="0.116" /><testcase classname="tests.test_peer_cancel_and_weekly_suggest.TestSuggestWeeklyPlan" name="test_suggest_for_student_b" time="0.127" /><testcase classname="tests.test_peer_cancel_and_weekly_suggest.TestSuggestWeeklyPlan" name="test_suggest_missing_student_400" time="0.149" /><testcase classname="tests.test_peer_cancel_and_weekly_suggest.TestSuggestWeeklyPlan" name="test_suggest_unknown_student_404" time="0.110" /><testcase classname="tests.test_peer_cancel_and_weekly_suggest.TestSuggestWeeklyPlan" name="test_suggest_requires_teacher" time="0.115" /><testcase classname="tests.test_peer_cancel_and_weekly_suggest.TestPageAnchors" name="test_anchors_exact" time="0.000" /></testsuite></testsuites>