<?xml version="1.0" encoding="utf-8"?><testsuites name="pytest tests"><testsuite name="pytest" errors="0" failures="0" skipped="0" tests="15" time="6.633" timestamp="2026-05-25T14:36:35.281565+00:00" hostname="agent-env-1c18e7ed-a3ea-4cd4-ab4f-9a775987119e"><testcase classname="backend.tests.test_peer_cancel_and_weekly_suggest.TestCancelSlot" name="test_creator_can_cancel_unbooked_slot" time="1.683" /><testcase classname="backend.tests.test_peer_cancel_and_weekly_suggest.TestCancelSlot" name="test_non_creator_cannot_cancel" time="0.386" /><testcase classname="backend.tests.test_peer_cancel_and_weekly_suggest.TestCancelSlot" name="test_nonexistent_slot_returns_404" time="0.112" /><testcase classname="backend.tests.test_peer_cancel_and_weekly_suggest.TestCancelSlot" name="test_booked_slot_returns_400" time="0.496" /><testcase classname="backend.tests.test_peer_cancel_and_weekly_suggest.TestCancelSession" name="test_creator_can_cancel_future_session" time="0.627" /><testcase classname="backend.tests.test_peer_cancel_and_weekly_suggest.TestCancelSession" name="test_booker_can_cancel_future_session" time="0.343" /><testcase classname="backend.tests.test_peer_cancel_and_weekly_suggest.TestCancelSession" name="test_nonexistent_session_returns_404" time="0.132" /><testcase classname="backend.tests.test_peer_cancel_and_weekly_suggest.TestCancelSession" name="test_third_party_returns_403" time="0.420" /><testcase classname="backend.tests.test_peer_cancel_and_weekly_suggest.TestCancelSession" name="test_past_session_returns_400" time="1.783" /><testcase classname="backend.tests.test_peer_cancel_and_weekly_suggest.TestSuggestWeeklyPlan" name="test_suggest_for_student_a_full_shape" time="0.108" /><testcase classname="backend.tests.test_peer_cancel_and_weekly_suggest.TestSuggestWeeklyPlan" name="test_suggest_for_student_b" time="0.136" /><testcase classname="backend.tests.test_peer_cancel_and_weekly_suggest.TestSuggestWeeklyPlan" name="test_suggest_missing_student_400" time="0.125" /><testcase classname="backend.tests.test_peer_cancel_and_weekly_suggest.TestSuggestWeeklyPlan" name="test_suggest_unknown_student_404" time="0.110" /><testcase classname="backend.tests.test_peer_cancel_and_weekly_suggest.TestSuggestWeeklyPlan" name="test_suggest_requires_teacher" time="0.108" /><testcase classname="backend.tests.test_peer_cancel_and_weekly_suggest.TestPageAnchors" name="test_anchors_exact" time="0.001" /></testsuite></testsuites>