<?xml version="1.0" encoding="utf-8"?><testsuites name="pytest tests"><testsuite name="pytest" errors="0" failures="1" skipped="0" tests="46" time="13.971" timestamp="2026-05-29T17:50:16.142506+00:00" hostname="agent-env-1c18e7ed-a3ea-4cd4-ab4f-9a775987119e"><testcase classname="tests.test_iter29_fixes.TestCommitmentInputs" name="test_set_commitment_3_and_5" time="0.607" /><testcase classname="tests.test_iter29_fixes.TestCommitmentInputs" name="test_set_commitment_large_values" time="0.232" /><testcase classname="tests.test_iter29_fixes.TestCommitmentInputs" name="test_zero_rejected" time="0.109" /><testcase classname="tests.test_iter29_fixes.TestCommitmentInputs" name="test_restore_baseline" time="0.120" /><testcase classname="tests.test_iter29_fixes.TestDirectionOverride" name="test_from_end_starts_high_surah_number" time="0.471"><failure message="AssertionError: from_end should start near الناس; got surah 'الفاتحة': {'day': 'الأحد', 'kind': 'memorize', 'surah': 'الفاتحة', 'from_ayah': 7, 'to_ayah': 7, 'from_page': 1, 'to_page': 1, 'page_range': 'ص 1', 'memorize_target': 'حفظ من آية 7 إلى 7 من سورة الفاتحة (ص 1)', 'review_target': '', 'notes': ''}&#10;assert False&#10; +  where False = any(&lt;generator object TestDirectionOverride.test_from_end_starts_high_surah_number.&lt;locals&gt;.&lt;genexpr&gt; at 0xfa3b6b12fa00&gt;)">E   AssertionError: from_end should start near الناس; got surah 'الفاتحة': {'day': 'الأحد', 'kind': 'memorize', 'surah': 'الفاتحة', 'from_ayah': 7, 'to_ayah': 7, 'from_page': 1, 'to_page': 1, 'page_range': 'ص 1', 'memorize_target': 'حفظ من آية 7 إلى 7 من سورة الفاتحة (ص 1)', 'review_target': '', 'notes': ''}
    assert False
     +  where False = any(&lt;generator object TestDirectionOverride.test_from_end_starts_high_surah_number.&lt;locals&gt;.&lt;genexpr&gt; at 0xfa3b6b12fa00&gt;)</failure></testcase><testcase classname="tests.test_iter29_fixes.TestDirectionOverride" name="test_from_start_starts_low_surah_number" time="0.125" /><testcase classname="tests.test_iter29_fixes.TestDirectionOverride" name="test_no_direction_falls_back_to_auto" time="0.132" /><testcase classname="tests.test_iter29_fixes.TestCommitmentHolidays" name="test_non_admin_forbidden_list" time="0.529" /><testcase classname="tests.test_iter29_fixes.TestCommitmentHolidays" name="test_non_admin_forbidden_post" time="0.111" /><testcase classname="tests.test_iter29_fixes.TestCommitmentHolidays" name="test_admin_crud_flow" time="0.633" /><testcase classname="tests.test_iter29_fixes.TestDeleteWarning" name="test_non_admin_forbidden" time="0.150" /><testcase classname="tests.test_iter29_fixes.TestDeleteWarning" name="test_not_found" time="0.118" /><testcase classname="tests.test_iter29_fixes.TestDeleteWarning" name="test_delete_warning_and_auto_unfreeze" time="0.126" /><testcase classname="tests.test_iter29_fixes.TestRegressionIter28" name="test_suggest_page_range_present" time="0.132" /><testcase classname="tests.test_peer_cancel_and_weekly_suggest.TestCancelSlot" name="test_creator_can_cancel_unbooked_slot" time="1.500" /><testcase classname="tests.test_peer_cancel_and_weekly_suggest.TestCancelSlot" name="test_non_creator_cannot_cancel" time="1.892" /><testcase classname="tests.test_peer_cancel_and_weekly_suggest.TestCancelSlot" name="test_nonexistent_slot_returns_404" time="0.125" /><testcase classname="tests.test_peer_cancel_and_weekly_suggest.TestCancelSlot" name="test_booked_slot_returns_400" time="0.459" /><testcase classname="tests.test_peer_cancel_and_weekly_suggest.TestCancelSession" name="test_creator_can_cancel_future_session" time="0.599" /><testcase classname="tests.test_peer_cancel_and_weekly_suggest.TestCancelSession" name="test_booker_can_cancel_future_session" time="0.339" /><testcase classname="tests.test_peer_cancel_and_weekly_suggest.TestCancelSession" name="test_nonexistent_session_returns_404" time="0.122" /><testcase classname="tests.test_peer_cancel_and_weekly_suggest.TestCancelSession" name="test_third_party_returns_403" time="0.521" /><testcase classname="tests.test_peer_cancel_and_weekly_suggest.TestCancelSession" name="test_past_session_returns_400" time="0.375" /><testcase classname="tests.test_peer_cancel_and_weekly_suggest.TestSuggestWeeklyPlan" name="test_suggest_for_student_a_full_shape" time="0.123" /><testcase classname="tests.test_peer_cancel_and_weekly_suggest.TestSuggestWeeklyPlan" name="test_suggest_for_student_b" time="0.121" /><testcase classname="tests.test_peer_cancel_and_weekly_suggest.TestSuggestWeeklyPlan" name="test_suggest_missing_student_400" time="0.108" /><testcase classname="tests.test_peer_cancel_and_weekly_suggest.TestSuggestWeeklyPlan" name="test_suggest_unknown_student_404" time="0.113" /><testcase classname="tests.test_peer_cancel_and_weekly_suggest.TestSuggestWeeklyPlan" name="test_suggest_requires_teacher" time="0.121" /><testcase classname="tests.test_peer_cancel_and_weekly_suggest.TestPageAnchors" name="test_anchors_exact" time="0.001" /><testcase classname="tests.test_peer_review_phase2.TestPeerPartnership" name="test_partnership_me" time="1.180" /><testcase classname="tests.test_peer_review_phase2.TestPeerSlotsAndSessions" name="test_create_slot" time="0.137" /><testcase classname="tests.test_peer_review_phase2.TestPeerSlotsAndSessions" name="test_list_slots" time="0.114" /><testcase classname="tests.test_peer_review_phase2.TestPeerSlotsAndSessions" name="test_book_slot_by_b" time="0.145" /><testcase classname="tests.test_peer_review_phase2.TestPeerSlotsAndSessions" name="test_session_listed" time="0.127" /><testcase classname="tests.test_peer_review_phase2.TestAttendanceAndEvaluation" name="test_create_past_session_via_api_then_backdate" time="0.392" /><testcase classname="tests.test_peer_review_phase2.TestAttendanceAndEvaluation" name="test_attendance_confirm_a" time="0.174" /><testcase classname="tests.test_peer_review_phase2.TestAttendanceAndEvaluation" name="test_attendance_confirm_b" time="0.138" /><testcase classname="tests.test_peer_review_phase2.TestAttendanceAndEvaluation" name="test_evaluate_a_to_b" time="0.121" /><testcase classname="tests.test_peer_review_phase2.TestAttendanceAndEvaluation" name="test_evaluate_a_idempotent" time="0.121" /><testcase classname="tests.test_peer_review_phase2.TestAttendanceAndEvaluation" name="test_evaluate_b_to_a" time="0.125" /><testcase classname="tests.test_peer_review_phase2.TestAttendanceAndEvaluation" name="test_list_evaluations" time="0.157" /><testcase classname="tests.test_peer_review_phase2.TestWeeklyPlans" name="test_create_plan_as_teacher" time="0.137" /><testcase classname="tests.test_peer_review_phase2.TestWeeklyPlans" name="test_teacher_list_plans_for_student" time="0.128" /><testcase classname="tests.test_peer_review_phase2.TestWeeklyPlans" name="test_student_list_own_plans" time="0.129" /><testcase classname="tests.test_peer_review_phase2.TestWeeklyPlans" name="test_teacher_peer_overview" time="0.113" /><testcase classname="tests.test_peer_review_phase2.TestWeeklyPlans" name="test_delete_plan" time="0.281" /></testsuite></testsuites>