<?xml version="1.0" encoding="utf-8"?><testsuites name="pytest tests"><testsuite name="pytest" errors="0" failures="0" skipped="0" tests="8" time="1.668" timestamp="2026-05-29T17:50:04.163375+00:00" hostname="agent-env-1c18e7ed-a3ea-4cd4-ab4f-9a775987119e"><testcase classname="tests.test_iter31_direction_override.TestSeededFullFromStart" name="test_from_start_advances_to_shuara" time="0.704" /><testcase classname="tests.test_iter31_direction_override.TestSeededFullFromEnd" name="test_from_end_does_not_crash_and_returns_plan" time="0.159" /><testcase classname="tests.test_iter31_direction_override.TestSafwanFromStart" name="test_continues_forward_not_reset" time="0.156" /><testcase classname="tests.test_iter31_direction_override.TestSafwanFromEnd" name="test_continues_from_lowest_surah_next_ayah" time="0.164" /><testcase classname="tests.test_iter31_direction_override.TestFreshStudentDefaults" name="test_fresh_from_start_starts_at_fatihah" time="0.119" /><testcase classname="tests.test_iter31_direction_override.TestFreshStudentDefaults" name="test_fresh_from_end_starts_at_naas" time="0.129" /><testcase classname="tests.test_iter31_direction_override.TestNoOverrideAutoDirection" name="test_safwan_no_override_returns_plan" time="0.106" /><testcase classname="tests.test_iter31_direction_override.TestPageMapping" name="test_anchor_pages" time="0.002" /></testsuite></testsuites>