<?xml version="1.0" encoding="utf-8"?><testsuites name="pytest tests"><testsuite name="pytest" errors="0" failures="0" skipped="0" tests="17" time="3.284" timestamp="2026-05-25T14:36:47.153910+00:00" hostname="agent-env-1c18e7ed-a3ea-4cd4-ab4f-9a775987119e"><testcase classname="backend.tests.test_peer_review_phase2.TestPeerPartnership" name="test_partnership_me" time="1.191" /><testcase classname="backend.tests.test_peer_review_phase2.TestPeerSlotsAndSessions" name="test_create_slot" time="0.115" /><testcase classname="backend.tests.test_peer_review_phase2.TestPeerSlotsAndSessions" name="test_list_slots" time="0.117" /><testcase classname="backend.tests.test_peer_review_phase2.TestPeerSlotsAndSessions" name="test_book_slot_by_b" time="0.130" /><testcase classname="backend.tests.test_peer_review_phase2.TestPeerSlotsAndSessions" name="test_session_listed" time="0.119" /><testcase classname="backend.tests.test_peer_review_phase2.TestAttendanceAndEvaluation" name="test_create_past_session_via_api_then_backdate" time="0.228" /><testcase classname="backend.tests.test_peer_review_phase2.TestAttendanceAndEvaluation" name="test_attendance_confirm_a" time="0.108" /><testcase classname="backend.tests.test_peer_review_phase2.TestAttendanceAndEvaluation" name="test_attendance_confirm_b" time="0.116" /><testcase classname="backend.tests.test_peer_review_phase2.TestAttendanceAndEvaluation" name="test_evaluate_a_to_b" time="0.107" /><testcase classname="backend.tests.test_peer_review_phase2.TestAttendanceAndEvaluation" name="test_evaluate_a_idempotent" time="0.118" /><testcase classname="backend.tests.test_peer_review_phase2.TestAttendanceAndEvaluation" name="test_evaluate_b_to_a" time="0.104" /><testcase classname="backend.tests.test_peer_review_phase2.TestAttendanceAndEvaluation" name="test_list_evaluations" time="0.112" /><testcase classname="backend.tests.test_peer_review_phase2.TestWeeklyPlans" name="test_create_plan_as_teacher" time="0.108" /><testcase classname="backend.tests.test_peer_review_phase2.TestWeeklyPlans" name="test_teacher_list_plans_for_student" time="0.111" /><testcase classname="backend.tests.test_peer_review_phase2.TestWeeklyPlans" name="test_student_list_own_plans" time="0.104" /><testcase classname="backend.tests.test_peer_review_phase2.TestWeeklyPlans" name="test_teacher_peer_overview" time="0.123" /><testcase classname="backend.tests.test_peer_review_phase2.TestWeeklyPlans" name="test_delete_plan" time="0.220" /></testsuite></testsuites>