<?xml version="1.0" encoding="utf-8"?><testsuites name="pytest tests"><testsuite name="pytest" errors="0" failures="0" skipped="0" tests="21" time="8.948" timestamp="2026-03-16T14:53:58.412806+00:00" hostname="agent-env-c33acb3c-63fc-4785-8724-d4538e82cc2a"><testcase classname="backend.tests.test_auth_features.TestPublicEndpoints" name="test_public_stats_accessible" time="0.261" /><testcase classname="backend.tests.test_auth_features.TestPublicEndpoints" name="test_students_of_week_public" time="0.185" /><testcase classname="backend.tests.test_auth_features.TestSignup" name="test_signup_new_user" time="0.348" /><testcase classname="backend.tests.test_auth_features.TestSignup" name="test_signup_existing_email_fails" time="0.447" /><testcase classname="backend.tests.test_auth_features.TestSignup" name="test_signup_weak_password_fails" time="0.115" /><testcase classname="backend.tests.test_auth_features.TestLogin" name="test_login_with_credentials" time="0.353" /><testcase classname="backend.tests.test_auth_features.TestLogin" name="test_login_invalid_credentials" time="0.118" /><testcase classname="backend.tests.test_auth_features.TestLogin" name="test_login_wrong_password" time="0.401" /><testcase classname="backend.tests.test_auth_features.TestAuthMe" name="test_auth_me_returns_user_info" time="0.401" /><testcase classname="backend.tests.test_auth_features.TestAuthMe" name="test_auth_me_without_token_fails" time="0.121" /><testcase classname="backend.tests.test_auth_features.TestPasswordReset" name="test_verify_dob_with_valid_data" time="0.507" /><testcase classname="backend.tests.test_auth_features.TestPasswordReset" name="test_verify_dob_wrong_date_fails" time="0.471" /><testcase classname="backend.tests.test_auth_features.TestPasswordReset" name="test_reset_password_with_dob" time="1.103" /><testcase classname="backend.tests.test_auth_features.TestSetPassword" name="test_set_password_for_user_without_password" time="0.344" /><testcase classname="backend.tests.test_auth_features.TestSetPassword" name="test_set_password_already_has_password_fails" time="0.422" /><testcase classname="backend.tests.test_auth_features.TestChangePassword" name="test_change_password_with_correct_current" time="1.125" /><testcase classname="backend.tests.test_auth_features.TestChangePassword" name="test_change_password_wrong_current_fails" time="0.628" /><testcase classname="backend.tests.test_auth_features.TestStudentPerformance" name="test_student_performance_returns_data" time="0.400" /><testcase classname="backend.tests.test_auth_features.TestStudentPerformance" name="test_student_performance_requires_auth" time="0.119" /><testcase classname="backend.tests.test_auth_features.TestTeacherRestriction" name="test_regular_user_cannot_become_teacher" time="0.449" /><testcase classname="backend.tests.test_auth_features.TestLogout" name="test_logout_clears_session" time="0.531" /></testsuite></testsuites>