<?xml version="1.0" encoding="utf-8"?><testsuites name="pytest tests"><testsuite name="pytest" errors="0" failures="0" skipped="1" tests="11" time="3.142" timestamp="2026-04-03T21:41:10.039850+00:00" hostname="agent-env-1c18e7ed-a3ea-4cd4-ab4f-9a775987119e"><testcase classname="backend.tests.test_session_join_attendance.TestHealthAndBasicEndpoints" name="test_teachers_list" time="0.243" /><testcase classname="backend.tests.test_session_join_attendance.TestHealthAndBasicEndpoints" name="test_admin_auth_valid" time="0.140" /><testcase classname="backend.tests.test_session_join_attendance.TestSessionJoinEndpoint" name="test_join_nonexistent_session" time="0.156" /><testcase classname="backend.tests.test_session_join_attendance.TestSessionJoinEndpoint" name="test_join_session_wrong_student" time="0.471" /><testcase classname="backend.tests.test_session_join_attendance.TestAttendanceConfirmationEndpoint" name="test_attendance_nonexistent_session" time="0.104" /><testcase classname="backend.tests.test_session_join_attendance.TestAttendanceConfirmationEndpoint" name="test_attendance_student_cannot_confirm" time="0.113" /><testcase classname="backend.tests.test_session_join_attendance.TestSessionModelFields" name="test_admin_bookings_include_new_fields" time="0.340" /><testcase classname="backend.tests.test_session_join_attendance.TestJoinLinkEndpoint" name="test_join_link_nonexistent_session" time="0.126" /><testcase classname="backend.tests.test_session_join_attendance.TestJoinLinkEndpoint" name="test_join_link_for_real_session" time="0.549" /><testcase classname="backend.tests.test_session_join_attendance.TestIntegrationFlow" name="test_create_test_session_and_flow" time="0.388"><skipped type="pytest.skip" message="Could not get teacher slots">/app/backend/tests/test_session_join_attendance.py:250: Could not get teacher slots</skipped></testcase><testcase classname="backend.tests.test_session_join_attendance.TestNegativeCases" name="test_join_cancelled_session" time="0.441" /></testsuite></testsuites>