<?xml version="1.0" encoding="utf-8"?><testsuites name="pytest tests"><testsuite name="pytest" errors="0" failures="0" skipped="0" tests="15" time="5.800" timestamp="2026-04-05T12:15:41.179080+00:00" hostname="agent-env-1c18e7ed-a3ea-4cd4-ab4f-9a775987119e"><testcase classname="backend.tests.test_memorization_feature.TestQuranSurahsEndpoint" name="test_get_surahs_returns_114_surahs" time="0.267" /><testcase classname="backend.tests.test_memorization_feature.TestQuranSurahsEndpoint" name="test_surahs_have_required_fields" time="0.098" /><testcase classname="backend.tests.test_memorization_feature.TestQuranSurahsEndpoint" name="test_surahs_ayah_counts_are_valid" time="0.135" /><testcase classname="backend.tests.test_memorization_feature.TestStudentProgressEndpoint" name="test_student_can_view_own_progress" time="0.500" /><testcase classname="backend.tests.test_memorization_feature.TestStudentProgressEndpoint" name="test_student_cannot_view_other_progress" time="0.423" /><testcase classname="backend.tests.test_memorization_feature.TestStudentProgressEndpoint" name="test_progress_response_structure" time="0.433" /><testcase classname="backend.tests.test_memorization_feature.TestTeacherEndpoints" name="test_teacher_can_view_student_progress" time="0.588" /><testcase classname="backend.tests.test_memorization_feature.TestTeacherEndpoints" name="test_teacher_can_view_student_full_profile" time="0.558" /><testcase classname="backend.tests.test_memorization_feature.TestSessionNotesWithMemorization" name="test_add_notes_with_valid_memorization_progress" time="0.351" /><testcase classname="backend.tests.test_memorization_feature.TestSessionNotesWithMemorization" name="test_add_notes_with_invalid_surah_name" time="0.339" /><testcase classname="backend.tests.test_memorization_feature.TestSessionNotesWithMemorization" name="test_add_notes_with_invalid_ayah_range" time="0.332" /><testcase classname="backend.tests.test_memorization_feature.TestSessionNotesWithMemorization" name="test_add_notes_with_from_greater_than_to" time="0.331" /><testcase classname="backend.tests.test_memorization_feature.TestVisibilityAllTeachersCanSeeAllNotes" name="test_sessions_with_notes_not_filtered_by_teacher" time="0.437" /><testcase classname="backend.tests.test_memorization_feature.TestVisibilityAllTeachersCanSeeAllNotes" name="test_progress_log_includes_teacher_name" time="0.488" /><testcase classname="backend.tests.test_memorization_feature.TestStudentProfileMemorizationLog" name="test_student_profile_includes_progress_log" time="0.437" /></testsuite></testsuites>