<?xml version="1.0" encoding="utf-8"?><testsuites name="pytest tests"><testsuite name="pytest" errors="0" failures="0" skipped="0" tests="35" time="3.839" timestamp="2026-01-12T20:38:04.560749+00:00" hostname="agent-env-eafa0d7d-5e69-41a8-a3f1-81e46dba4225"><testcase classname="tests.test_quran_platform_api.TestHealthCheck" name="test_teachers_endpoint_accessible" time="0.096" /><testcase classname="tests.test_quran_platform_api.TestAuth" name="test_auth_me_with_valid_token" time="0.533" /><testcase classname="tests.test_quran_platform_api.TestAuth" name="test_auth_me_without_token" time="0.040" /><testcase classname="tests.test_quran_platform_api.TestMessages" name="test_teacher_send_message_to_student" time="0.095" /><testcase classname="tests.test_quran_platform_api.TestMessages" name="test_student_send_message_to_teacher" time="0.037" /><testcase classname="tests.test_quran_platform_api.TestMessages" name="test_student_cannot_use_teacher_endpoint" time="0.041" /><testcase classname="tests.test_quran_platform_api.TestMessages" name="test_teacher_cannot_use_student_endpoint" time="0.041" /><testcase classname="tests.test_quran_platform_api.TestMessages" name="test_get_my_messages" time="0.040" /><testcase classname="tests.test_quran_platform_api.TestMessageDelete" name="test_delete_own_message" time="0.049" /><testcase classname="tests.test_quran_platform_api.TestMessageDelete" name="test_cannot_delete_others_message" time="0.078" /><testcase classname="tests.test_quran_platform_api.TestProfilePictureUpload" name="test_upload_valid_picture" time="0.043" /><testcase classname="tests.test_quran_platform_api.TestProfilePictureUpload" name="test_upload_invalid_format" time="0.039" /><testcase classname="tests.test_quran_platform_api.TestProfilePictureUpload" name="test_upload_without_auth" time="0.036" /><testcase classname="tests.test_quran_platform_api.TestSessionCancellation" name="test_cancel_session_with_reason" time="0.427" /><testcase classname="tests.test_quran_platform_api.TestSessionCancellation" name="test_cancel_session_without_reason" time="0.427" /><testcase classname="tests.test_quran_platform_api.TestVacationDays" name="test_add_vacation_day" time="0.047" /><testcase classname="tests.test_quran_platform_api.TestVacationDays" name="test_get_vacation_days" time="0.039" /><testcase classname="tests.test_quran_platform_api.TestVacationDays" name="test_delete_vacation_day" time="0.052" /><testcase classname="tests.test_quran_platform_api.TestVacationDays" name="test_student_cannot_add_vacation" time="0.036" /><testcase classname="tests.test_quran_platform_api.TestStudentRestrictions" name="test_restrict_student" time="0.061" /><testcase classname="tests.test_quran_platform_api.TestStudentRestrictions" name="test_get_restricted_students" time="0.037" /><testcase classname="tests.test_quran_platform_api.TestStudentRestrictions" name="test_remove_restriction" time="0.036" /><testcase classname="tests.test_quran_platform_api.TestStudentRestrictions" name="test_student_cannot_restrict" time="0.039" /><testcase classname="tests.test_quran_platform_api.TestNotifications" name="test_get_notifications" time="0.036" /><testcase classname="tests.test_quran_platform_api.TestNotifications" name="test_mark_notification_read" time="0.046" /><testcase classname="tests.test_quran_platform_api.TestNotifications" name="test_mark_all_notifications_read" time="0.075" /><testcase classname="tests.test_quran_platform_api.TestAdminFeatures" name="test_admin_get_all_bookings" time="0.052" /><testcase classname="tests.test_quran_platform_api.TestAdminFeatures" name="test_non_admin_cannot_get_all_bookings" time="0.033" /><testcase classname="tests.test_quran_platform_api.TestAdminFeatures" name="test_admin_post_announcement" time="0.041" /><testcase classname="tests.test_quran_platform_api.TestAdminFeatures" name="test_non_admin_cannot_post_announcement" time="0.037" /><testcase classname="tests.test_quran_platform_api.TestSessionNotes" name="test_add_session_notes" time="0.416" /><testcase classname="tests.test_quran_platform_api.TestSessionNotes" name="test_student_cannot_add_notes" time="0.039" /><testcase classname="tests.test_quran_platform_api.TestStudentProgress" name="test_get_own_progress" time="0.036" /><testcase classname="tests.test_quran_platform_api.TestStudentProgress" name="test_teacher_can_view_student_progress" time="0.037" /><testcase classname="tests.test_quran_platform_api.TestStudentProgress" name="test_student_cannot_view_others_progress" time="0.434" /></testsuite></testsuites>