<?xml version="1.0" encoding="utf-8"?><testsuites name="pytest tests"><testsuite name="pytest" errors="0" failures="0" skipped="0" tests="43" time="4.098" timestamp="2026-01-12T21:05:18.347142+00:00" hostname="agent-env-eafa0d7d-5e69-41a8-a3f1-81e46dba4225"><testcase classname="tests.test_quran_platform_api.TestHealthCheck" name="test_teachers_endpoint_accessible" time="0.063" /><testcase classname="tests.test_quran_platform_api.TestAuth" name="test_auth_me_with_valid_token" time="0.499" /><testcase classname="tests.test_quran_platform_api.TestAuth" name="test_auth_me_without_token" time="0.033" /><testcase classname="tests.test_quran_platform_api.TestMessages" name="test_teacher_send_message_to_student" time="0.044" /><testcase classname="tests.test_quran_platform_api.TestMessages" name="test_student_send_message_to_teacher" time="0.038" /><testcase classname="tests.test_quran_platform_api.TestMessages" name="test_student_cannot_use_teacher_endpoint" time="0.037" /><testcase classname="tests.test_quran_platform_api.TestMessages" name="test_teacher_cannot_use_student_endpoint" time="0.038" /><testcase classname="tests.test_quran_platform_api.TestMessages" name="test_get_my_messages" time="0.044" /><testcase classname="tests.test_quran_platform_api.TestMessageDelete" name="test_delete_own_message" time="0.046" /><testcase classname="tests.test_quran_platform_api.TestMessageDelete" name="test_cannot_delete_others_message" time="0.073" /><testcase classname="tests.test_quran_platform_api.TestProfilePictureUpload" name="test_upload_valid_picture" time="0.040" /><testcase classname="tests.test_quran_platform_api.TestProfilePictureUpload" name="test_upload_invalid_format" time="0.037" /><testcase classname="tests.test_quran_platform_api.TestProfilePictureUpload" name="test_upload_without_auth" time="0.034" /><testcase classname="tests.test_quran_platform_api.TestSessionCancellation" name="test_cancel_session_with_reason" time="0.397" /><testcase classname="tests.test_quran_platform_api.TestSessionCancellation" name="test_cancel_session_without_reason" time="0.400" /><testcase classname="tests.test_quran_platform_api.TestVacationDays" name="test_add_vacation_day" time="0.038" /><testcase classname="tests.test_quran_platform_api.TestVacationDays" name="test_get_vacation_days" time="0.036" /><testcase classname="tests.test_quran_platform_api.TestVacationDays" name="test_delete_vacation_day" time="0.087" /><testcase classname="tests.test_quran_platform_api.TestVacationDays" name="test_student_cannot_add_vacation" time="0.035" /><testcase classname="tests.test_quran_platform_api.TestStudentRestrictions" name="test_restrict_student" time="0.080" /><testcase classname="tests.test_quran_platform_api.TestStudentRestrictions" name="test_get_restricted_students" time="0.036" /><testcase classname="tests.test_quran_platform_api.TestStudentRestrictions" name="test_remove_restriction" time="0.040" /><testcase classname="tests.test_quran_platform_api.TestStudentRestrictions" name="test_student_cannot_restrict" time="0.037" /><testcase classname="tests.test_quran_platform_api.TestNotifications" name="test_get_notifications" time="0.041" /><testcase classname="tests.test_quran_platform_api.TestNotifications" name="test_mark_notification_read" time="0.089" /><testcase classname="tests.test_quran_platform_api.TestNotifications" name="test_mark_all_notifications_read" time="0.040" /><testcase classname="tests.test_quran_platform_api.TestAdminFeatures" name="test_admin_get_all_bookings" time="0.052" /><testcase classname="tests.test_quran_platform_api.TestAdminFeatures" name="test_non_admin_cannot_get_all_bookings" time="0.036" /><testcase classname="tests.test_quran_platform_api.TestAdminFeatures" name="test_admin_post_announcement" time="0.040" /><testcase classname="tests.test_quran_platform_api.TestAdminFeatures" name="test_non_admin_cannot_post_announcement" time="0.037" /><testcase classname="tests.test_quran_platform_api.TestSessionNotes" name="test_add_session_notes" time="0.437" /><testcase classname="tests.test_quran_platform_api.TestSessionNotes" name="test_student_cannot_add_notes" time="0.037" /><testcase classname="tests.test_quran_platform_api.TestStudentProgress" name="test_get_own_progress" time="0.040" /><testcase classname="tests.test_quran_platform_api.TestStudentProgress" name="test_teacher_can_view_student_progress" time="0.039" /><testcase classname="tests.test_quran_platform_api.TestStudentProgress" name="test_student_cannot_view_others_progress" time="0.038" /><testcase classname="tests.test_quran_platform_api.TestTeacherSlotsManagement" name="test_add_teacher_slot" time="0.039" /><testcase classname="tests.test_quran_platform_api.TestTeacherSlotsManagement" name="test_add_slot_in_past_fails" time="0.036" /><testcase classname="tests.test_quran_platform_api.TestTeacherSlotsManagement" name="test_add_duplicate_slot_fails" time="0.088" /><testcase classname="tests.test_quran_platform_api.TestTeacherSlotsManagement" name="test_delete_teacher_slot" time="0.052" /><testcase classname="tests.test_quran_platform_api.TestTeacherSlotsManagement" name="test_delete_nonexistent_slot_fails" time="0.036" /><testcase classname="tests.test_quran_platform_api.TestTeacherSlotsManagement" name="test_student_cannot_add_slot" time="0.035" /><testcase classname="tests.test_quran_platform_api.TestTeacherSlotsManagement" name="test_student_cannot_delete_slot" time="0.073" /><testcase classname="tests.test_quran_platform_api.TestTeacherSlotsManagement" name="test_get_teacher_available_slots" time="0.502" /></testsuite></testsuites>