<?xml version="1.0" encoding="utf-8"?><testsuites name="pytest tests"><testsuite name="pytest" errors="0" failures="0" skipped="0" tests="12" time="1.571" timestamp="2026-04-03T21:07:16.125005+00:00" hostname="agent-env-1c18e7ed-a3ea-4cd4-ab4f-9a775987119e"><testcase classname="backend.tests.test_teacher_recitation_link.TestAdminTeacherLinks" name="test_get_teacher_links_requires_admin" time="0.136" /><testcase classname="backend.tests.test_teacher_recitation_link.TestAdminTeacherLinks" name="test_get_teacher_links_as_admin" time="0.132" /><testcase classname="backend.tests.test_teacher_recitation_link.TestAdminTeacherLinks" name="test_update_teacher_link_requires_admin" time="0.127" /><testcase classname="backend.tests.test_teacher_recitation_link.TestAdminTeacherLinks" name="test_update_teacher_link_as_admin" time="0.177" /><testcase classname="backend.tests.test_teacher_recitation_link.TestAdminTeacherLinks" name="test_update_nonexistent_teacher_fails" time="0.103" /><testcase classname="backend.tests.test_teacher_recitation_link.TestSessionJoinLink" name="test_get_join_link_requires_auth" time="0.113" /><testcase classname="backend.tests.test_teacher_recitation_link.TestSessionJoinLink" name="test_get_join_link_nonexistent_session" time="0.112" /><testcase classname="backend.tests.test_teacher_recitation_link.TestSessionJoinLink" name="test_get_join_link_unauthorized_user" time="0.101" /><testcase classname="backend.tests.test_teacher_recitation_link.TestSessionJoinLink" name="test_get_join_link_as_admin" time="0.124" /><testcase classname="backend.tests.test_teacher_recitation_link.TestSessionRecitationLink" name="test_my_sessions_includes_recitation_link" time="0.129" /><testcase classname="backend.tests.test_teacher_recitation_link.TestTeacherLinkPropagation" name="test_link_update_propagates_to_sessions" time="0.112" /><testcase classname="backend.tests.test_teacher_recitation_link.TestTeachersEndpoint" name="test_teachers_endpoint" time="0.135" /></testsuite></testsuites>