<?xml version="1.0" encoding="utf-8"?><testsuites name="pytest tests"><testsuite name="pytest" errors="0" failures="0" skipped="0" tests="18" time="2.218" timestamp="2026-01-13T06:11:18.604608+00:00" hostname="agent-env-eafa0d7d-5e69-41a8-a3f1-81e46dba4225"><testcase classname="tests.test_admin_slot_management.TestAdminSetup" name="test_admin_user_has_correct_email" time="0.827" /><testcase classname="tests.test_admin_slot_management.TestAdminSetup" name="test_teacher1_is_not_admin" time="0.045" /><testcase classname="tests.test_admin_slot_management.TestAdminSetup" name="test_teacher2_is_not_admin" time="0.076" /><testcase classname="tests.test_admin_slot_management.TestAdminAddSlotsForOthers" name="test_admin_add_slot_for_teacher1" time="0.040" /><testcase classname="tests.test_admin_slot_management.TestAdminAddSlotsForOthers" name="test_admin_add_slot_for_teacher2" time="0.039" /><testcase classname="tests.test_admin_slot_management.TestAdminAddSlotsForOthers" name="test_admin_add_slot_for_self" time="0.034" /><testcase classname="tests.test_admin_slot_management.TestAdminAddSlotsForOthers" name="test_verify_slot_appears_in_teacher1_slots" time="0.049" /><testcase classname="tests.test_admin_slot_management.TestNonAdminCannotAddSlotsForOthers" name="test_teacher1_cannot_add_slot_for_teacher2" time="0.031" /><testcase classname="tests.test_admin_slot_management.TestNonAdminCannotAddSlotsForOthers" name="test_teacher2_cannot_add_slot_for_teacher1" time="0.036" /><testcase classname="tests.test_admin_slot_management.TestNonAdminCannotAddSlotsForOthers" name="test_teacher1_can_add_slot_for_self" time="0.039" /><testcase classname="tests.test_admin_slot_management.TestAdminDeleteAnySlot" name="test_admin_delete_teacher1_slot" time="0.076" /><testcase classname="tests.test_admin_slot_management.TestAdminDeleteAnySlot" name="test_admin_delete_teacher2_slot" time="0.073" /><testcase classname="tests.test_admin_slot_management.TestNonAdminCannotDeleteOthersSlots" name="test_teacher1_cannot_delete_teacher2_slot" time="0.076" /><testcase classname="tests.test_admin_slot_management.TestNonAdminCannotDeleteOthersSlots" name="test_teacher_can_delete_own_slot" time="0.090" /><testcase classname="tests.test_admin_slot_management.TestStudentCannotManageSlots" name="test_student_cannot_add_slot" time="0.076" /><testcase classname="tests.test_admin_slot_management.TestStudentCannotManageSlots" name="test_student_cannot_delete_slot" time="0.068" /><testcase classname="tests.test_admin_slot_management.TestEdgeCases" name="test_admin_add_slot_for_nonexistent_teacher" time="0.034" /><testcase classname="tests.test_admin_slot_management.TestEdgeCases" name="test_slot_response_excludes_mongodb_id" time="0.403" /></testsuite></testsuites>