<?xml version="1.0" encoding="utf-8"?><testsuites name="pytest tests"><testsuite name="pytest" errors="0" failures="0" skipped="1" tests="52" time="13.553" timestamp="2026-04-03T22:18:11.772137+00:00" hostname="agent-env-1c18e7ed-a3ea-4cd4-ab4f-9a775987119e"><testcase classname="backend.tests.test_auth_features.TestPublicEndpoints" name="test_public_stats_accessible" time="0.134" /><testcase classname="backend.tests.test_auth_features.TestPublicEndpoints" name="test_students_of_week_public" time="0.166" /><testcase classname="backend.tests.test_auth_features.TestSignup" name="test_signup_new_user" time="0.325" /><testcase classname="backend.tests.test_auth_features.TestSignup" name="test_signup_existing_email_fails" time="0.391" /><testcase classname="backend.tests.test_auth_features.TestSignup" name="test_signup_weak_password_fails" time="0.115" /><testcase classname="backend.tests.test_auth_features.TestLogin" name="test_login_with_credentials" time="0.350" /><testcase classname="backend.tests.test_auth_features.TestLogin" name="test_login_invalid_credentials" time="0.144" /><testcase classname="backend.tests.test_auth_features.TestLogin" name="test_login_wrong_password" time="0.338" /><testcase classname="backend.tests.test_auth_features.TestAuthMe" name="test_auth_me_returns_user_info" time="0.387" /><testcase classname="backend.tests.test_auth_features.TestAuthMe" name="test_auth_me_without_token_fails" time="0.102" /><testcase classname="backend.tests.test_auth_features.TestPasswordReset" name="test_verify_dob_with_valid_data" time="0.439" /><testcase classname="backend.tests.test_auth_features.TestPasswordReset" name="test_verify_dob_wrong_date_fails" time="0.424" /><testcase classname="backend.tests.test_auth_features.TestPasswordReset" name="test_reset_password_with_dob" time="0.934" /><testcase classname="backend.tests.test_auth_features.TestSetPassword" name="test_set_password_for_user_without_password" time="0.319" /><testcase classname="backend.tests.test_auth_features.TestSetPassword" name="test_set_password_already_has_password_fails" time="0.410" /><testcase classname="backend.tests.test_auth_features.TestChangePassword" name="test_change_password_with_correct_current" time="1.087" /><testcase classname="backend.tests.test_auth_features.TestChangePassword" name="test_change_password_wrong_current_fails" time="0.617" /><testcase classname="backend.tests.test_auth_features.TestStudentPerformance" name="test_student_performance_returns_data" time="0.389" /><testcase classname="backend.tests.test_auth_features.TestStudentPerformance" name="test_student_performance_requires_auth" time="0.111" /><testcase classname="backend.tests.test_auth_features.TestTeacherRestriction" name="test_regular_user_cannot_become_teacher" time="0.361" /><testcase classname="backend.tests.test_auth_features.TestLogout" name="test_logout_clears_session" time="0.453" /><testcase classname="backend.tests.test_session_join_attendance.TestHealthAndBasicEndpoints" name="test_teachers_list" time="0.114" /><testcase classname="backend.tests.test_session_join_attendance.TestHealthAndBasicEndpoints" name="test_admin_auth_valid" time="0.162" /><testcase classname="backend.tests.test_session_join_attendance.TestSessionJoinEndpoint" name="test_join_nonexistent_session" time="0.108" /><testcase classname="backend.tests.test_session_join_attendance.TestSessionJoinEndpoint" name="test_join_session_wrong_student" time="0.472" /><testcase classname="backend.tests.test_session_join_attendance.TestAttendanceConfirmationEndpoint" name="test_attendance_nonexistent_session" time="0.121" /><testcase classname="backend.tests.test_session_join_attendance.TestAttendanceConfirmationEndpoint" name="test_attendance_student_cannot_confirm" time="0.107" /><testcase classname="backend.tests.test_session_join_attendance.TestSessionModelFields" name="test_admin_bookings_include_new_fields" time="0.480" /><testcase classname="backend.tests.test_session_join_attendance.TestJoinLinkEndpoint" name="test_join_link_nonexistent_session" time="0.127" /><testcase classname="backend.tests.test_session_join_attendance.TestJoinLinkEndpoint" name="test_join_link_for_real_session" time="0.381" /><testcase classname="backend.tests.test_session_join_attendance.TestIntegrationFlow" name="test_create_test_session_and_flow" time="0.405"><skipped type="pytest.skip" message="Could not get teacher slots">/app/backend/tests/test_session_join_attendance.py:250: Could not get teacher slots</skipped></testcase><testcase classname="backend.tests.test_session_join_attendance.TestNegativeCases" name="test_join_cancelled_session" time="0.357" /><testcase classname="backend.tests.test_student_profile_attendance.TestStudentProfileEndpoint" name="test_student_profile_returns_new_fields" time="0.411" /><testcase classname="backend.tests.test_student_profile_attendance.TestStudentProfileEndpoint" name="test_student_profile_nonexistent_student" time="0.130" /><testcase classname="backend.tests.test_student_profile_attendance.TestAttendanceConfirmation" name="test_attendance_endpoint_exists" time="0.112" /><testcase classname="backend.tests.test_student_profile_attendance.TestAttendanceConfirmation" name="test_attendance_requires_teacher" time="0.122" /><testcase classname="backend.tests.test_student_profile_attendance.TestJoinSessionBehavior" name="test_join_endpoint_returns_link" time="0.400" /><testcase classname="backend.tests.test_student_profile_attendance.TestFrontendCodeReview" name="test_student_dashboard_join_pattern" time="0.000" /><testcase classname="backend.tests.test_student_profile_attendance.TestFrontendCodeReview" name="test_teacher_dashboard_join_pattern" time="0.000" /><testcase classname="backend.tests.test_student_profile_attendance.TestFrontendCodeReview" name="test_student_profile_modal_attendance_buttons" time="0.000" /><testcase classname="backend.tests.test_teacher_recitation_link.TestAdminTeacherLinks" name="test_get_teacher_links_requires_admin" time="0.116" /><testcase classname="backend.tests.test_teacher_recitation_link.TestAdminTeacherLinks" name="test_get_teacher_links_as_admin" time="0.121" /><testcase classname="backend.tests.test_teacher_recitation_link.TestAdminTeacherLinks" name="test_update_teacher_link_requires_admin" time="0.118" /><testcase classname="backend.tests.test_teacher_recitation_link.TestAdminTeacherLinks" name="test_update_teacher_link_as_admin" time="0.166" /><testcase classname="backend.tests.test_teacher_recitation_link.TestAdminTeacherLinks" name="test_update_nonexistent_teacher_fails" time="0.091" /><testcase classname="backend.tests.test_teacher_recitation_link.TestSessionJoinLink" name="test_get_join_link_requires_auth" time="0.124" /><testcase classname="backend.tests.test_teacher_recitation_link.TestSessionJoinLink" name="test_get_join_link_nonexistent_session" time="0.141" /><testcase classname="backend.tests.test_teacher_recitation_link.TestSessionJoinLink" name="test_get_join_link_unauthorized_user" time="0.104" /><testcase classname="backend.tests.test_teacher_recitation_link.TestSessionJoinLink" name="test_get_join_link_as_admin" time="0.101" /><testcase classname="backend.tests.test_teacher_recitation_link.TestSessionRecitationLink" name="test_my_sessions_includes_recitation_link" time="0.102" /><testcase classname="backend.tests.test_teacher_recitation_link.TestTeacherLinkPropagation" name="test_link_update_propagates_to_sessions" time="0.096" /><testcase classname="backend.tests.test_teacher_recitation_link.TestTeachersEndpoint" name="test_teachers_endpoint" time="0.120" /></testsuite></testsuites>