<?xml version="1.0" encoding="utf-8"?><testsuites name="pytest tests"><testsuite name="pytest" errors="0" failures="0" skipped="0" tests="22" time="8.067" timestamp="2026-01-14T08:19:18.153986+00:00" hostname="agent-env-eafa0d7d-5e69-41a8-a3f1-81e46dba4225"><testcase classname="tests.test_auth_email_password.TestSignup" name="test_signup_success" time="0.304" /><testcase classname="tests.test_auth_email_password.TestSignup" name="test_signup_existing_email_returns_400" time="0.390" /><testcase classname="tests.test_auth_email_password.TestSignup" name="test_signup_weak_password_returns_400" time="0.042" /><testcase classname="tests.test_auth_email_password.TestSignup" name="test_signup_invalid_email_format" time="0.046" /><testcase classname="tests.test_auth_email_password.TestSignup" name="test_signup_missing_name" time="0.039" /><testcase classname="tests.test_auth_email_password.TestLogin" name="test_login_success" time="0.517" /><testcase classname="tests.test_auth_email_password.TestLogin" name="test_login_wrong_password_returns_401" time="0.534" /><testcase classname="tests.test_auth_email_password.TestLogin" name="test_login_nonexistent_email_returns_401" time="0.123" /><testcase classname="tests.test_auth_email_password.TestLogin" name="test_login_remember_me_true_30_day_session" time="0.534" /><testcase classname="tests.test_auth_email_password.TestLogin" name="test_login_remember_me_false_1_day_session" time="0.506" /><testcase classname="tests.test_auth_email_password.TestSessionValidation" name="test_session_validation_with_x_session_token_header" time="0.529" /><testcase classname="tests.test_auth_email_password.TestSessionValidation" name="test_session_validation_with_bearer_token" time="0.557" /><testcase classname="tests.test_auth_email_password.TestSessionValidation" name="test_session_validation_without_token_returns_401" time="0.037" /><testcase classname="tests.test_auth_email_password.TestSessionValidation" name="test_session_validation_with_invalid_token_returns_401" time="0.035" /><testcase classname="tests.test_auth_email_password.TestLogout" name="test_logout_clears_session" time="0.576" /><testcase classname="tests.test_auth_email_password.TestLogout" name="test_logout_without_session_still_succeeds" time="0.034" /><testcase classname="tests.test_auth_email_password.TestAuthIntegration" name="test_full_auth_flow_signup_login_me_logout" time="0.602" /><testcase classname="tests.test_auth_email_password.TestAuthIntegration" name="test_signup_creates_student_role_by_default" time="0.283" /><testcase classname="tests.test_auth_email_password.TestAuthIntegration" name="test_signup_sets_auth_provider_to_email" time="0.270" /><testcase classname="tests.test_auth_email_password.TestAuthEdgeCases" name="test_login_with_empty_password" time="0.260" /><testcase classname="tests.test_auth_email_password.TestAuthEdgeCases" name="test_signup_with_very_long_name" time="0.267" /><testcase classname="tests.test_auth_email_password.TestAuthEdgeCases" name="test_login_case_sensitivity" time="1.402" /></testsuite></testsuites>