<?xml version="1.0" encoding="utf-8"?><testsuites name="pytest tests"><testsuite name="pytest" errors="0" failures="0" skipped="0" tests="20" time="3.507" timestamp="2026-01-17T11:44:20.800904+00:00" hostname="agent-env-eafa0d7d-5e69-41a8-a3f1-81e46dba4225"><testcase classname="tests.test_student_of_week.TestPublicStudentsOfWeek" name="test_public_endpoint_returns_200" time="1.389" /><testcase classname="tests.test_student_of_week.TestPublicStudentsOfWeek" name="test_public_endpoint_returns_list_structure" time="0.010" /><testcase classname="tests.test_student_of_week.TestAdminStudentsOfWeekAuth" name="test_admin_get_requires_auth" time="0.008" /><testcase classname="tests.test_student_of_week.TestAdminStudentsOfWeekAuth" name="test_admin_post_requires_auth" time="0.012" /><testcase classname="tests.test_student_of_week.TestAdminStudentsOfWeekAuth" name="test_admin_delete_requires_auth" time="0.015" /><testcase classname="tests.test_student_of_week.TestAdminStudentsOfWeekAuth" name="test_non_admin_cannot_access_admin_get" time="0.403" /><testcase classname="tests.test_student_of_week.TestAdminStudentsOfWeekAuth" name="test_non_admin_cannot_access_admin_post" time="0.052" /><testcase classname="tests.test_student_of_week.TestAdminStudentsOfWeekAuth" name="test_non_admin_cannot_access_admin_delete" time="0.011" /><testcase classname="tests.test_student_of_week.TestAdminStudentsOfWeekCRUD" name="test_admin_can_get_students" time="0.736" /><testcase classname="tests.test_student_of_week.TestAdminStudentsOfWeekCRUD" name="test_admin_can_add_student_order_1" time="0.022" /><testcase classname="tests.test_student_of_week.TestAdminStudentsOfWeekCRUD" name="test_admin_can_add_student_order_2" time="0.011" /><testcase classname="tests.test_student_of_week.TestAdminStudentsOfWeekCRUD" name="test_max_2_students_active" time="0.012" /><testcase classname="tests.test_student_of_week.TestAdminStudentsOfWeekCRUD" name="test_public_endpoint_shows_added_students" time="0.052" /><testcase classname="tests.test_student_of_week.TestAdminStudentsOfWeekCRUD" name="test_invalid_order_rejected" time="0.012" /><testcase classname="tests.test_student_of_week.TestAdminStudentsOfWeekCRUD" name="test_admin_can_remove_student" time="0.072" /><testcase classname="tests.test_student_of_week.TestAdminStudentsOfWeekCRUD" name="test_delete_nonexistent_student_returns_404" time="0.012" /><testcase classname="tests.test_student_of_week.TestStudentOfWeekReplacement" name="test_adding_same_order_deactivates_previous" time="0.109" /><testcase classname="tests.test_student_of_week.TestStudentOfWeekDataValidation" name="test_student_name_required" time="0.053" /><testcase classname="tests.test_student_of_week.TestStudentOfWeekDataValidation" name="test_student_picture_required" time="0.011" /><testcase classname="tests.test_student_of_week.TestStudentOfWeekDataValidation" name="test_order_required" time="0.430" /></testsuite></testsuites>