<?xml version="1.0" encoding="utf-8"?><testsuites name="pytest tests"><testsuite name="pytest" errors="0" failures="0" skipped="0" tests="12" time="2.594" timestamp="2026-01-14T15:46:33.958544+00:00" hostname="agent-env-eafa0d7d-5e69-41a8-a3f1-81e46dba4225"><testcase classname="tests.test_auth_session.TestAuthEndpoints" name="test_signup_returns_session_token" time="0.320" /><testcase classname="tests.test_auth_session.TestAuthEndpoints" name="test_login_returns_session_token" time="0.509" /><testcase classname="tests.test_auth_session.TestAuthEndpoints" name="test_session_token_authenticates_requests" time="0.395" /><testcase classname="tests.test_auth_session.TestAuthEndpoints" name="test_protected_route_requires_auth" time="0.038" /><testcase classname="tests.test_auth_session.TestAuthEndpoints" name="test_booking_endpoint_requires_auth" time="0.031" /><testcase classname="tests.test_auth_session.TestGoogleOAuthSessionFlow" name="test_auth_session_endpoint_exists" time="0.043" /><testcase classname="tests.test_auth_session.TestGoogleOAuthSessionFlow" name="test_auth_session_returns_session_token_in_body" time="0.409" /><testcase classname="tests.test_auth_session.TestTeachersPublicAccess" name="test_teachers_endpoint_is_public" time="0.042" /><testcase classname="tests.test_auth_session.TestTeachersPublicAccess" name="test_teacher_details_is_public" time="0.073" /><testcase classname="tests.test_auth_session.TestTeachersPublicAccess" name="test_available_slots_is_public" time="0.083" /><testcase classname="tests.test_auth_session.TestBookingFlowWithAuth" name="test_authenticated_user_can_access_profile" time="0.274" /><testcase classname="tests.test_auth_session.TestBookingFlowWithAuth" name="test_authenticated_user_can_view_sessions" time="0.311" /></testsuite></testsuites>