<?xml version="1.0" encoding="utf-8"?><testsuites name="pytest tests"><testsuite name="pytest" errors="0" failures="0" skipped="0" tests="9" time="3.578" timestamp="2026-04-07T21:51:20.895610+00:00" hostname="agent-env-1c18e7ed-a3ea-4cd4-ab4f-9a775987119e"><testcase classname="backend.tests.test_memorization_entries.TestMemorizationEntries" name="test_get_surahs_list" time="0.682" /><testcase classname="backend.tests.test_memorization_entries.TestMemorizationEntries" name="test_session_notes_model_accepts_memorization_entries" time="0.475" /><testcase classname="backend.tests.test_memorization_entries.TestBackwardCompatibility" name="test_session_notes_endpoint_exists" time="0.210" /><testcase classname="backend.tests.test_memorization_entries.TestTeacherSessionNotes" name="test_student_cannot_add_notes" time="0.439" /><testcase classname="backend.tests.test_memorization_entries.TestTeacherSessionNotes" name="test_memorization_entries_validation_structure" time="0.454" /><testcase classname="backend.tests.test_memorization_entries.TestQuranSurahsAPI" name="test_get_all_surahs" time="0.214" /><testcase classname="backend.tests.test_memorization_entries.TestQuranSurahsAPI" name="test_surah_search_capability" time="0.169" /><testcase classname="backend.tests.test_memorization_entries.TestSessionNotesIntegration" name="test_student_progress_endpoint" time="0.412" /><testcase classname="backend.tests.test_memorization_entries.TestSessionNotesIntegration" name="test_backward_compat_single_memorization_progress" time="0.462" /></testsuite></testsuites>