<?xml version="1.0" encoding="utf-8"?><testsuites name="pytest tests"><testsuite name="pytest" errors="0" failures="0" skipped="0" tests="12" time="5.424" timestamp="2026-04-03T23:15:55.035191+00:00" hostname="agent-env-1c18e7ed-a3ea-4cd4-ab4f-9a775987119e"><testcase classname="backend.tests.test_remember_me_bulk_messages.TestRememberMeSignup" name="test_signup_with_remember_me_true_returns_30_days" time="0.571" /><testcase classname="backend.tests.test_remember_me_bulk_messages.TestRememberMeSignup" name="test_signup_with_remember_me_false_returns_1_day" time="0.379" /><testcase classname="backend.tests.test_remember_me_bulk_messages.TestRememberMeSignup" name="test_signup_default_remember_me_is_false" time="0.370" /><testcase classname="backend.tests.test_remember_me_bulk_messages.TestRememberMeLogin" name="test_login_with_remember_me_true_returns_30_days" time="0.682" /><testcase classname="backend.tests.test_remember_me_bulk_messages.TestRememberMeLogin" name="test_login_with_remember_me_false_returns_1_day" time="0.718" /><testcase classname="backend.tests.test_remember_me_bulk_messages.TestRememberMeLogin" name="test_login_default_remember_me_is_false" time="0.695" /><testcase classname="backend.tests.test_remember_me_bulk_messages.TestGoogleOAuthSessionExpiry" name="test_session_exchange_endpoint_exists" time="0.275" /><testcase classname="backend.tests.test_remember_me_bulk_messages.TestBulkMessageSenderName" name="test_bulk_message_endpoint_requires_admin" time="0.136" /><testcase classname="backend.tests.test_remember_me_bulk_messages.TestBulkMessageSenderName" name="test_my_messages_endpoint_requires_auth" time="0.118" /><testcase classname="backend.tests.test_remember_me_bulk_messages.TestSessionExpiryInDatabase" name="test_signup_session_stored_with_correct_expiry" time="0.374" /><testcase classname="backend.tests.test_remember_me_bulk_messages.TestCodeReview" name="test_signup_request_model_has_remember_me" time="0.353" /><testcase classname="backend.tests.test_remember_me_bulk_messages.TestCodeReview" name="test_login_request_model_has_remember_me" time="0.688" /></testsuite></testsuites>