<?xml version="1.0" encoding="utf-8"?><testsuites name="pytest tests"><testsuite name="pytest" errors="0" failures="0" skipped="0" tests="12" time="1.857" timestamp="2026-04-03T19:01:45.959242+00:00" hostname="agent-env-1c18e7ed-a3ea-4cd4-ab4f-9a775987119e"><testcase classname="backend.tests.test_teacher_recitation_link.TestAdminTeacherLinks" name="test_get_teacher_links_requires_admin" time="0.173" /><testcase classname="backend.tests.test_teacher_recitation_link.TestAdminTeacherLinks" name="test_get_teacher_links_as_admin" time="0.119" /><testcase classname="backend.tests.test_teacher_recitation_link.TestAdminTeacherLinks" name="test_update_teacher_link_requires_admin" time="0.143" /><testcase classname="backend.tests.test_teacher_recitation_link.TestAdminTeacherLinks" name="test_update_teacher_link_as_admin" time="0.176" /><testcase classname="backend.tests.test_teacher_recitation_link.TestAdminTeacherLinks" name="test_update_nonexistent_teacher_fails" time="0.122" /><testcase classname="backend.tests.test_teacher_recitation_link.TestSessionJoinLink" name="test_get_join_link_requires_auth" time="0.175" /><testcase classname="backend.tests.test_teacher_recitation_link.TestSessionJoinLink" name="test_get_join_link_nonexistent_session" time="0.103" /><testcase classname="backend.tests.test_teacher_recitation_link.TestSessionJoinLink" name="test_get_join_link_unauthorized_user" time="0.109" /><testcase classname="backend.tests.test_teacher_recitation_link.TestSessionJoinLink" name="test_get_join_link_as_admin" time="0.115" /><testcase classname="backend.tests.test_teacher_recitation_link.TestSessionRecitationLink" name="test_my_sessions_includes_recitation_link" time="0.108" /><testcase classname="backend.tests.test_teacher_recitation_link.TestTeacherLinkPropagation" name="test_link_update_propagates_to_sessions" time="0.124" /><testcase classname="backend.tests.test_teacher_recitation_link.TestTeachersEndpoint" name="test_teachers_endpoint" time="0.317" /></testsuite></testsuites>