<?xml version="1.0" encoding="utf-8"?><testsuites name="pytest tests"><testsuite name="pytest" errors="0" failures="0" skipped="0" tests="12" time="4.593" timestamp="2026-04-07T22:19:14.102911+00:00" hostname="agent-env-1c18e7ed-a3ea-4cd4-ab4f-9a775987119e"><testcase classname="backend.tests.test_edit_memorization.TestEditMemorizationAccess" name="test_student_cannot_edit_memorization" time="0.607" /><testcase classname="backend.tests.test_edit_memorization.TestEditMemorizationAccess" name="test_unauthenticated_cannot_edit" time="0.112" /><testcase classname="backend.tests.test_edit_memorization.TestEditMemorizationValidation" name="test_endpoint_exists" time="0.404" /><testcase classname="backend.tests.test_edit_memorization.TestEditMemorizationValidation" name="test_request_body_structure" time="0.466" /><testcase classname="backend.tests.test_edit_memorization.TestQuranSurahsForEdit" name="test_get_surahs_for_edit_dialog" time="0.109" /><testcase classname="backend.tests.test_edit_memorization.TestQuranSurahsForEdit" name="test_surah_ayah_counts" time="0.152" /><testcase classname="backend.tests.test_edit_memorization.TestStudentProgressEndpoint" name="test_get_student_progress" time="0.409" /><testcase classname="backend.tests.test_edit_memorization.TestStudentProgressEndpoint" name="test_progress_log_structure" time="0.429" /><testcase classname="backend.tests.test_edit_memorization.TestTeacherStudentProfile" name="test_student_cannot_access_teacher_profile_endpoint" time="0.391" /><testcase classname="backend.tests.test_edit_memorization.TestEditMemorizationModel" name="test_model_accepts_valid_data" time="0.418" /><testcase classname="backend.tests.test_edit_memorization.TestEditMemorizationModel" name="test_model_accepts_null_notes" time="0.460" /><testcase classname="backend.tests.test_edit_memorization.TestEditMemorizationModel" name="test_model_accepts_all_quality_values" time="0.572" /></testsuite></testsuites>